-------------------------------------------------------------------------------
Test set: com.javatechie.spring.insurance.clinet.api.InsuranceClientApplicationTests
-------------------------------------------------------------------------------
Tests run: 1, Failures: 0, Errors: 1, Skipped: 0, Time elapsed: 12.529 s <<< FAILURE! - in com.javatechie.spring.insurance.clinet.api.InsuranceClientApplicationTests
contextLoads(com.javatechie.spring.insurance.clinet.api.InsuranceClientApplicationTests)  Time elapsed: 0.037 s  <<< ERROR!
java.lang.IllegalStateException: Failed to load ApplicationContext
Caused by: org.springframework.beans.factory.BeanCreationException: Error creating bean with name 'scopedTarget.insuranceClientApplication': Injection of autowired dependencies failed; nested exception is java.lang.IllegalArgumentException: Could not resolve placeholder 'insurnace.provider.url' in value "${insurnace.provider.url}"
Caused by: java.lang.IllegalArgumentException: Could not resolve placeholder 'insurnace.provider.url' in value "${insurnace.provider.url}"

